Detecting C compiler ABI info failed to compile with the following output:
Change Dir: C:/Users/Manu/Documents/GitHub/sfml-biicode/build/CMakeFiles/CMakeTmp

Run Build Command:C:/MinGW/bin/make.exe "cmTryCompileExec1293294397/fast"
C:/MinGW/bin/make.exe -f CMakeFiles/cmTryCompileExec1293294397.dir/build.make CMakeFiles/cmTryCompileExec1293294397.dir/build
make.exe[1]: Entering directory 'C:/Users/Manu/Documents/GitHub/sfml-biicode/build/CMakeFiles/CMakeTmp'
"C:/Program Files (x86)/CMake 2.8/bin/cmake.exe" -E cmake_progress_report C:/Users/Manu/Documents/GitHub/sfml-biicode/build/CMakeFiles/CMakeTmp/CMakeFiles 1
Building C object CMakeFiles/cmTryCompileExec1293294397.dir/CMakeCCompilerABI.c.obj
C:/MinGW/bin/gcc.exe    -o CMakeFiles/cmTryCompileExec1293294397.dir/CMakeCCompilerABI.c.obj   -c "C:/Program Files (x86)/CMake 2.8/share/cmake-2.8/Modules/CMakeCCompilerABI.c"
/bin/sh: -c: line 0: syntax error near unexpected token `('
/bin/sh: -c: line 0: `C:/MinGW/bin/gcc.exe    -o CMakeFiles/cmTryCompileExec1293294397.dir/CMakeCCompilerABI.c.obj   -c \C:/Program Files (x86)/CMake 2.8/share/cmake-2.8/Modules/CMakeCCompilerABI.c\'
CMakeFiles/cmTryCompileExec1293294397.dir/build.make:60: recipe for target 'CMakeFiles/cmTryCompileExec1293294397.dir/CMakeCCompilerABI.c.obj' failed
make.exe[1]: *** [CMakeFiles/cmTryCompileExec1293294397.dir/CMakeCCompilerABI.c.obj] Error 258
make.exe[1]: Leaving directory 'C:/Users/Manu/Documents/GitHub/sfml-biicode/build/CMakeFiles/CMakeTmp'
makefile:117: recipe for target 'cmTryCompileExec1293294397/fast' failed
make.exe: *** [cmTryCompileExec1293294397/fast] Error 2



Detecting CXX compiler ABI info failed to compile with the following output:
Change Dir: C:/Users/Manu/Documents/GitHub/sfml-biicode/build/CMakeFiles/CMakeTmp

Run Build Command:C:/MinGW/bin/make.exe "cmTryCompileExec1408238839/fast"
C:/MinGW/bin/make.exe -f CMakeFiles/cmTryCompileExec1408238839.dir/build.make CMakeFiles/cmTryCompileExec1408238839.dir/build
make.exe[1]: Entering directory 'C:/Users/Manu/Documents/GitHub/sfml-biicode/build/CMakeFiles/CMakeTmp'
"C:/Program Files (x86)/CMake 2.8/bin/cmake.exe" -E cmake_progress_report C:/Users/Manu/Documents/GitHub/sfml-biicode/build/CMakeFiles/CMakeTmp/CMakeFiles 1
Building CXX object CMakeFiles/cmTryCompileExec1408238839.dir/CMakeCXXCompilerABI.cpp.obj
C:/MinGW/bin/g++.exe     -o CMakeFiles/cmTryCompileExec1408238839.dir/CMakeCXXCompilerABI.cpp.obj -c "C:/Program Files (x86)/CMake 2.8/share/cmake-2.8/Modules/CMakeCXXCompilerABI.cpp"
/bin/sh: -c: line 0: syntax error near unexpected token `('
/bin/sh: -c: line 0: `C:/MinGW/bin/g++.exe     -o CMakeFiles/cmTryCompileExec1408238839.dir/CMakeCXXCompilerABI.cpp.obj -c \C:/Program Files (x86)/CMake 2.8/share/cmake-2.8/Modules/CMakeCXXCompilerABI.cpp\'
CMakeFiles/cmTryCompileExec1408238839.dir/build.make:60: recipe for target 'CMakeFiles/cmTryCompileExec1408238839.dir/CMakeCXXCompilerABI.cpp.obj' failed
make.exe[1]: *** [CMakeFiles/cmTryCompileExec1408238839.dir/CMakeCXXCompilerABI.cpp.obj] Error 258
make.exe[1]: Leaving directory 'C:/Users/Manu/Documents/GitHub/sfml-biicode/build/CMakeFiles/CMakeTmp'
makefile:117: recipe for target 'cmTryCompileExec1408238839/fast' failed
make.exe: *** [cmTryCompileExec1408238839/fast] Error 2



