The system is: Windows - 6.1 - AMD64
Compiling the C compiler identification source file "CMakeCCompilerId.c" succeeded.
Compiler: C:/MinGW/bin/gcc.exe 
Build flags: 
Id flags: 

The output was:
0


Compilation of the C compiler identification source "CMakeCCompilerId.c" produced "a.exe"

The C compiler identification is GNU, found in "C:/Users/Manu/Documents/GitHub/sfml-biicode/build/CMakeFiles/2.8.12.2/CompilerIdC/a.exe"

Compiling the CXX compiler identification source file "CMakeCXXCompilerId.cpp" succeeded.
Compiler: C:/MinGW/bin/g++.exe 
Build flags: 
Id flags: 

The output was:
0


Compilation of the CXX compiler identification source "CMakeCXXCompilerId.cpp" produced "a.exe"

The CXX compiler identification is GNU, found in "C:/Users/Manu/Documents/GitHub/sfml-biicode/build/CMakeFiles/2.8.12.2/CompilerIdCXX/a.exe"

Determining if the C compiler works passed with the following output:
Change Dir: C:/Users/Manu/Documents/GitHub/sfml-biicode/build/CMakeFiles/CMakeTmp

Run Build Command:C:/MinGW/bin/make.exe "cmTryCompileExec1965581849/fast"
C:/MinGW/bin/make.exe -f CMakeFiles/cmTryCompileExec1965581849.dir/build.make CMakeFiles/cmTryCompileExec1965581849.dir/build
make.exe[1]: Entering directory 'C:/Users/Manu/Documents/GitHub/sfml-biicode/build/CMakeFiles/CMakeTmp'
"C:/Program Files (x86)/CMake 2.8/bin/cmake.exe" -E cmake_progress_report C:/Users/Manu/Documents/GitHub/sfml-biicode/build/CMakeFiles/CMakeTmp/CMakeFiles 1
Building C object CMakeFiles/cmTryCompileExec1965581849.dir/testCCompiler.c.obj
C:/MinGW/bin/gcc.exe    -o CMakeFiles/cmTryCompileExec1965581849.dir/testCCompiler.c.obj   -c C:/Users/Manu/Documents/GitHub/sfml-biicode/build/CMakeFiles/CMakeTmp/testCCompiler.c
Linking C executable cmTryCompileExec1965581849.exe
"C:/Program Files (x86)/CMake 2.8/bin/cmake.exe" -E remove -f CMakeFiles/cmTryCompileExec1965581849.dir/objects.a
C:/MinGW/bin/ar.exe cr CMakeFiles/cmTryCompileExec1965581849.dir/objects.a @CMakeFiles/cmTryCompileExec1965581849.dir/objects1.rsp
C:/MinGW/bin/gcc.exe       -Wl,--whole-archive CMakeFiles/cmTryCompileExec1965581849.dir/objects.a -Wl,--no-whole-archive  -o cmTryCompileExec1965581849.exe -Wl,--out-implib,libcmTryCompileExec1965581849.dll.a -Wl,--major-image-version,0,--minor-image-version,0  -lkernel32 -luser32 -lgdi32 -lwinspool -lshell32 -lole32 -loleaut32 -luuid -lcomdlg32 -ladvapi32 
make.exe[1]: Leaving directory 'C:/Users/Manu/Documents/GitHub/sfml-biicode/build/CMakeFiles/CMakeTmp'


Determining if the CXX compiler works passed with the following output:
Change Dir: C:/Users/Manu/Documents/GitHub/sfml-biicode/build/CMakeFiles/CMakeTmp

Run Build Command:C:/MinGW/bin/make.exe "cmTryCompileExec3320710794/fast"
C:/MinGW/bin/make.exe -f CMakeFiles/cmTryCompileExec3320710794.dir/build.make CMakeFiles/cmTryCompileExec3320710794.dir/build
make.exe[1]: Entering directory 'C:/Users/Manu/Documents/GitHub/sfml-biicode/build/CMakeFiles/CMakeTmp'
"C:/Program Files (x86)/CMake 2.8/bin/cmake.exe" -E cmake_progress_report C:/Users/Manu/Documents/GitHub/sfml-biicode/build/CMakeFiles/CMakeTmp/CMakeFiles 1
Building CXX object CMakeFiles/cmTryCompileExec3320710794.dir/testCXXCompiler.cxx.obj
C:/MinGW/bin/g++.exe     -o CMakeFiles/cmTryCompileExec3320710794.dir/testCXXCompiler.cxx.obj -c C:/Users/Manu/Documents/GitHub/sfml-biicode/build/CMakeFiles/CMakeTmp/testCXXCompiler.cxx
Linking CXX executable cmTryCompileExec3320710794.exe
"C:/Program Files (x86)/CMake 2.8/bin/cmake.exe" -E remove -f CMakeFiles/cmTryCompileExec3320710794.dir/objects.a
C:/MinGW/bin/ar.exe cr CMakeFiles/cmTryCompileExec3320710794.dir/objects.a @CMakeFiles/cmTryCompileExec3320710794.dir/objects1.rsp
C:/MinGW/bin/g++.exe       -Wl,--whole-archive CMakeFiles/cmTryCompileExec3320710794.dir/objects.a -Wl,--no-whole-archive  -o cmTryCompileExec3320710794.exe -Wl,--out-implib,libcmTryCompileExec3320710794.dll.a -Wl,--major-image-version,0,--minor-image-version,0  -lkernel32 -luser32 -lgdi32 -lwinspool -lshell32 -lole32 -loleaut32 -luuid -lcomdlg32 -ladvapi32 
make.exe[1]: Leaving directory 'C:/Users/Manu/Documents/GitHub/sfml-biicode/build/CMakeFiles/CMakeTmp'


